[14:08:33.130] [INFO] Storybook upgrade - v10.3.5
[14:08:33.132] [INFO] detect-projects-spinner-start: Detecting projects...
[14:08:33.133] [DEBUG] Finding Storybook projects...
[14:08:33.289] [DEBUG] Found 1 Storybook projects
[14:08:33.290] [INFO] detect-projects-spinner: Detecting projects: 1 projects
[14:08:33.290] [DEBUG] Getting Storybook data...
[14:08:33.290] [DEBUG] Getting Storybook info...
[14:08:33.414] [DEBUG] Loading main config...
[14:08:33.414] [DEBUG] Getting stories paths...
[14:08:33.431] [DEBUG] Getting package manager...
[14:08:33.555] [DEBUG] Getting package.json info for /Users/hrithik/Programming/VScode_Projects/CS156/proj-courses/frontend/package.json...
[14:08:33.555] [DEBUG] Getting Storybook version...
[14:08:33.556] [DEBUG] Detecting CSF factory usage...
[14:08:33.573] [DEBUG] /frontend/.storybook - Validating before version... 9.1.16
[14:08:33.573] [DEBUG] /frontend/.storybook - Validating upgrade compatibility...
[14:08:33.573] [DEBUG] /frontend/.storybook - Fetching NPM version information...
[14:08:33.573] [DEBUG] Getting CLI versions from NPM for storybook...
[14:08:33.573] [DEBUG] Executing command: npm info storybook version
[14:08:33.577] [DEBUG] Getting CLI versions from NPM for storybook@next...
[14:08:33.577] [DEBUG] Executing command: npm info storybook@next version
[14:08:34.472] [DEBUG] /frontend/.storybook - Evaluating blockers...
[14:08:34.480] [DEBUG] Getting installed version for @storybook/experimental-addon-test...
[14:08:34.480] [DEBUG] Executing command: npm ls --json --depth=99 2>/dev/null
[14:08:35.008] [DEBUG] Executing command: npm ls --json --depth=0 2>/dev/null
[14:08:35.426] [DEBUG] Error finding installations for @storybook/experimental-addon-test: ExecaError: Command failed with exit code 1: npm ls --json '--depth=0' '2>/dev/null'

{
  "version": "0.2.0",
  "name": "proj-courses-frontend"
}
[14:08:35.426] [DEBUG] No installations found for @storybook/experimental-addon-test
[14:08:35.426] [INFO] detect-projects-spinner-stop: 1 project detected
[14:08:35.426] [DEBUG] Found 1 valid projects and 0 error projects
[14:08:35.426] [INFO] Upgrading from [1m9.1.16[22m to [1m10.3.5[22m
[14:08:35.427] [INFO] upgrade-dependencies-task-start: Fetching versions to update package.json files..
[14:08:35.427] [DEBUG] Updating dependencies in /frontend/.storybook...
[14:08:35.427] [INFO] upgrade-dependencies-task: /frontend/package.json
[14:08:35.427] [DEBUG] Using cached package.json for /Users/hrithik/Programming/VScode_Projects/CS156/proj-courses/frontend/package.json...
[14:08:35.427] [DEBUG] Getting CLI versions from NPM for @chromatic-com/storybook...
[14:08:35.427] [DEBUG] Executing command: npm info @chromatic-com/storybook version
[14:08:36.051] [DEBUG] {
  "upgradedDependencies": []
}
[14:08:36.051] [DEBUG] {
  "upgradedDevDependencies": [
    "@storybook/addon-docs@^10.3.5",
    "@storybook/addon-links@10.3.5",
    "@storybook/addon-onboarding@10.3.5",
    "@storybook/react-vite@^10.3.5",
    "eslint-plugin-storybook@10.3.5",
    "storybook@10.3.5",
    "@chromatic-com/storybook@^5.1.2"
  ]
}
[14:08:36.051] [DEBUG] {
  "upgradedPeerDependencies": []
}
[14:08:36.051] [DEBUG] Getting package.json info for /Users/hrithik/Programming/VScode_Projects/CS156/proj-courses/frontend/package.json...
[14:08:36.051] [DEBUG] Using cached package.json for /Users/hrithik/Programming/VScode_Projects/CS156/proj-courses/frontend/package.json...
[14:08:36.052] [DEBUG] Using cached package.json for /Users/hrithik/Programming/VScode_Projects/CS156/proj-courses/frontend/package.json...
[14:08:36.052] [DEBUG] Getting package.json info for /Users/hrithik/Programming/VScode_Projects/CS156/proj-courses/frontend/package.json...
[14:08:36.052] [DEBUG] Using cached package.json for /Users/hrithik/Programming/VScode_Projects/CS156/proj-courses/frontend/package.json...
[14:08:36.052] [DEBUG] Getting CLI versions from NPM for @storybook/addon-docs...
[14:08:36.052] [DEBUG] Executing command: npm info @storybook/addon-docs version
[14:08:36.593] [DEBUG] Getting CLI versions from NPM for @storybook/addon-links...
[14:08:36.593] [DEBUG] Executing command: npm info @storybook/addon-links version
[14:08:37.108] [DEBUG] Getting CLI versions from NPM for @storybook/addon-onboarding...
[14:08:37.108] [DEBUG] Executing command: npm info @storybook/addon-onboarding version
[14:08:37.626] [DEBUG] Getting CLI versions from NPM for @storybook/react-vite...
[14:08:37.626] [DEBUG] Executing command: npm info @storybook/react-vite version
[14:08:38.046] [DEBUG] Getting CLI versions from NPM for eslint-plugin-storybook...
[14:08:38.046] [DEBUG] Executing command: npm info eslint-plugin-storybook version
[14:08:38.617] [DEBUG] Using cached version for storybook...
[14:08:38.617] [DEBUG] Using cached version for @chromatic-com/storybook...
[14:08:38.617] [DEBUG] Using cached package.json for /Users/hrithik/Programming/VScode_Projects/CS156/proj-courses/frontend/package.json...
[14:08:38.617] [DEBUG] Getting package.json info for /Users/hrithik/Programming/VScode_Projects/CS156/proj-courses/frontend/package.json...
[14:08:38.617] [DEBUG] Using cached package.json for /Users/hrithik/Programming/VScode_Projects/CS156/proj-courses/frontend/package.json...
[14:08:38.617] [DEBUG] Using cached package.json for /Users/hrithik/Programming/VScode_Projects/CS156/proj-courses/frontend/package.json...
[14:08:38.617] [INFO] upgrade-dependencies-task-success: Updated package versions in package.json files
[14:08:38.617] [INFO] detect-automigrations-task-start: Detecting automigrations...
[14:08:38.617] [DEBUG] Starting automigration collection across 1 projects and 19 fixes...
[14:08:38.618] [INFO] detect-automigrations-task: Checking automigrations for /frontend/.storybook...
[14:08:38.618] [DEBUG] Processing project: /frontend/.storybook
[14:08:38.618] [DEBUG] Checking fix eslintPlugin for project /frontend/.storybook...
[14:08:38.618] [DEBUG] Using cached package.json for /Users/hrithik/Programming/VScode_Projects/CS156/proj-courses/frontend/package.json...
[14:08:38.618] [DEBUG] Using cached package.json for /Users/hrithik/Programming/VScode_Projects/CS156/proj-courses/frontend/package.json...
[14:08:38.618] [DEBUG] Checking fix addon-mdx-gfm-remove for project /frontend/.storybook...
[14:08:38.618] [DEBUG] Using cached package.json for /Users/hrithik/Programming/VScode_Projects/CS156/proj-courses/frontend/package.json...
[14:08:38.618] [DEBUG] Checking fix addon-storysource-code-panel for project /frontend/.storybook...
[14:08:38.618] [DEBUG] Checking fix upgrade-storybook-related-dependencies for project /frontend/.storybook...
[14:08:38.618] [DEBUG] Checking for incompatible storybook packages...
[14:08:38.618] [DEBUG] Using cached package.json for /Users/hrithik/Programming/VScode_Projects/CS156/proj-courses/frontend/package.json...
[14:08:38.618] [DEBUG] Using cached package.json for /Users/hrithik/Programming/VScode_Projects/CS156/proj-courses/frontend/package.json...
[14:08:38.619] [DEBUG] Getting installed version for msw-storybook-addon...
[14:08:38.619] [DEBUG] Executing command: npm ls --json --depth=99 2>/dev/null
[14:08:39.173] [DEBUG] Executing command: npm ls --json --depth=0 2>/dev/null
[14:08:39.684] [DEBUG] Error finding installations for msw-storybook-addon: ExecaError: Command failed with exit code 1: npm ls --json '--depth=0' '2>/dev/null'

{
  "version": "0.2.0",
  "name": "proj-courses-frontend"
}
[14:08:39.684] [DEBUG] No installations found for msw-storybook-addon
[14:08:39.684] [DEBUG] Getting CLI versions from NPM for msw-storybook-addon...
[14:08:39.684] [DEBUG] Executing command: npm info msw-storybook-addon version
[14:08:40.075] [DEBUG] Checking fix initial-globals for project /frontend/.storybook...
[14:08:40.081] [DEBUG] Checking fix addon-globals-api for project /frontend/.storybook...
[14:08:40.086] [DEBUG] Checking fix addon-a11y-addon-test for project /frontend/.storybook...
[14:08:40.086] [DEBUG] Checking fix consolidated-imports for project /frontend/.storybook...
[14:08:40.086] [DEBUG] Checking fix addon-experimental-test for project /frontend/.storybook...
[14:08:40.086] [DEBUG] Using cached installed version for @storybook/experimental-addon-test...
[14:08:40.086] [DEBUG] Checking fix rnstorybook-config for project /frontend/.storybook...
[14:08:40.086] [DEBUG] Using cached package.json for /Users/hrithik/Programming/VScode_Projects/CS156/proj-courses/frontend/package.json...
[14:08:40.086] [DEBUG] Checking fix migrate-addon-console for project /frontend/.storybook...
[14:08:40.086] [DEBUG] Using cached package.json for /Users/hrithik/Programming/VScode_Projects/CS156/proj-courses/frontend/package.json...
[14:08:40.086] [DEBUG] Checking fix nextjs-to-nextjs-vite for project /frontend/.storybook...
[14:08:40.086] [DEBUG] Using cached package.json for /Users/hrithik/Programming/VScode_Projects/CS156/proj-courses/frontend/package.json...
[14:08:40.086] [DEBUG] Checking fix remove-addon-interactions for project /frontend/.storybook...
[14:08:40.087] [DEBUG] Using cached package.json for /Users/hrithik/Programming/VScode_Projects/CS156/proj-courses/frontend/package.json...
[14:08:40.087] [DEBUG] Checking fix renderer-to-framework for project /frontend/.storybook...
[14:08:40.087] [DEBUG] Checking fix remove-essential-addons for project /frontend/.storybook...
[14:08:40.087] [DEBUG] Using cached package.json for /Users/hrithik/Programming/VScode_Projects/CS156/proj-courses/frontend/package.json...
[14:08:40.087] [DEBUG] Checking fix addon-a11y-parameters for project /frontend/.storybook...
[14:08:40.087] [DEBUG] Checking fix remove-docs-autodocs for project /frontend/.storybook...
[14:08:40.088] [DEBUG] Checking fix wrap-getAbsolutePath for project /frontend/.storybook...
[14:08:40.090] [DEBUG] Checking fix fix-faux-esm-require for project /frontend/.storybook...
[14:08:40.090] [INFO] detect-automigrations-task: 
Automigrations detected:
[14:08:40.090] [INFO] detect-automigrations-task-success: No automigrations detected
[14:08:40.091] [DEBUG] Completed automigrations for /frontend/.storybook
[14:08:40.091] [INFO] Installing dependencies...
[14:08:40.091] [INFO] install-dependencies-spinner-start: Installing dependencies...
[14:08:40.091] [DEBUG] Executing command: npm install --force
[14:08:40.288] [ERROR] Installation of dependencies failed! {"error":"ExecaError: Command failed with exit code 254: npm install --force\n\nnpm warn using --force Recommended protections disabled.\nnpm error code ENOENT\nnpm error syscall open\nnpm error path /Users/hrithik/Programming/VScode_Projects/CS156/proj-courses/package.json\nnpm error errno -2\nnpm error enoent Could not read package.json: Error: ENOENT: no such file or directory, open '/Users/hrithik/Programming/VScode_Projects/CS156/proj-courses/package.json'\nnpm error enoent This is related to npm not being able to find a file.\nnpm error enoent\nnpm error A complete log of this run can be found in: /Users/hrithik/.npm/_logs/2026-04-18T21_08_40_152Z-debug-0.log\n    at getFinalError (file:///Users/hrithik/.npm/_npx/b22fc93b1d305722/node_modules/storybook/dist/_node-chunks/chunk-GOY6UMCB.js:13112:10)\n    at makeError (file:///Users/hrithik/.npm/_npx/b22fc93b1d305722/node_modules/storybook/dist/_node-chunks/chunk-GOY6UMCB.js:14648:15)\n    at getAsyncResult (file:///Users/hrithik/.npm/_npx/b22fc93b1d305722/node_modules/storybook/dist/_node-chunks/chunk-GOY6UMCB.js:17294:158)\n    at handlePromise (file:///Users/hrithik/.npm/_npx/b22fc93b1d305722/node_modules/storybook/dist/_node-chunks/chunk-GOY6UMCB.js:17280:162)\n    at async Object.executeTaskWithSpinner (file:///Users/hrithik/.npm/_npx/b22fc93b1d305722/node_modules/storybook/dist/_node-chunks/chunk-CHOXZXZB.js:3683:11)\n    at async NPMProxy.installDependencies (file:///Users/hrithik/.npm/_npx/b22fc93b1d305722/node_modules/storybook/dist/_node-chunks/chunk-GOY6UMCB.js:11261:5)\n    at async upgrade (file:///Users/hrithik/.npm/_npx/b22fc93b1d305722/node_modules/@storybook/cli/dist/_node-chunks/run-UE2YPBJ7.js:9543:41)\n    at async file:///Users/hrithik/.npm/_npx/b22fc93b1d305722/node_modules/@storybook/cli/dist/_node-chunks/run-UE2YPBJ7.js:9678:70\n    at async withTelemetry (file:///Users/hrithik/.npm/_npx/b22fc93b1d305722/node_modules/storybook/dist/_node-chunks/chunk-FIR43JGQ.js:225:12)\n    at async Command.<anonymous> (file:///Users/hrithik/.npm/_npx/b22fc93b1d305722/node_modules/@storybook/cli/dist/_node-chunks/run-UE2YPBJ7.js:9674:3)"}
[14:08:40.288] [ERROR] install-dependencies-spinner-error: [31mInstallation of dependencies failed![39m
[14:08:40.289] [ERROR] [38;2;241;97;97mExecaError: Command failed with exit code 254: npm install --force

npm warn using --force Recommended protections disabled.
npm error code ENOENT
npm error syscall open
npm error path ./package.json
npm error errno -2
npm error enoent Could not read package.json: Error: ENOENT: no such file or directory, open './package.json'
npm error enoent This is related to npm not being able to find a file.
npm error enoent
npm error A complete log of this run can be found in: /Users/hrithik/.npm/_logs/2026-04-18T21_08_40_152Z-debug-0.log[39m
    at getFinalError (file:///Users/hrithik/.npm/_npx/b22fc93b1d305722/node_modules/storybook/dist/_node-chunks/chunk-GOY6UMCB.js:13112:10)
    at makeError (file:///Users/hrithik/.npm/_npx/b22fc93b1d305722/node_modules/storybook/dist/_node-chunks/chunk-GOY6UMCB.js:14648:15)
    at getAsyncResult (file:///Users/hrithik/.npm/_npx/b22fc93b1d305722/node_modules/storybook/dist/_node-chunks/chunk-GOY6UMCB.js:17294:158)
    at handlePromise (file:///Users/hrithik/.npm/_npx/b22fc93b1d305722/node_modules/storybook/dist/_node-chunks/chunk-GOY6UMCB.js:17280:162)
    at async Object.executeTaskWithSpinner (file:///Users/hrithik/.npm/_npx/b22fc93b1d305722/node_modules/storybook/dist/_node-chunks/chunk-CHOXZXZB.js:3683:11)
    at async NPMProxy.installDependencies (file:///Users/hrithik/.npm/_npx/b22fc93b1d305722/node_modules/storybook/dist/_node-chunks/chunk-GOY6UMCB.js:11261:5)
    at async upgrade (file:///Users/hrithik/.npm/_npx/b22fc93b1d305722/node_modules/@storybook/cli/dist/_node-chunks/run-UE2YPBJ7.js:9543:41)
    at async file:///Users/hrithik/.npm/_npx/b22fc93b1d305722/node_modules/@storybook/cli/dist/_node-chunks/run-UE2YPBJ7.js:9678:70
    at async withTelemetry (file:///Users/hrithik/.npm/_npx/b22fc93b1d305722/node_modules/storybook/dist/_node-chunks/chunk-FIR43JGQ.js:225:12)
    at async Command.<anonymous> (file:///Users/hrithik/.npm/_npx/b22fc93b1d305722/node_modules/@storybook/cli/dist/_node-chunks/run-UE2YPBJ7.js:9674:3)
[14:08:40.297] [INFO] Storybook collects completely anonymous usage telemetry. We use it to shape Storybook's roadmap and prioritize features. You can learn more, including how to opt out, at https://storybook.js.org/telemetry
[14:08:40.899] [ERROR] ExecaError: Command failed with exit code 254: npm install --force

npm warn using --force Recommended protections disabled.
npm error code ENOENT
npm error syscall open
npm error path ./package.json
npm error errno -2
npm error enoent Could not read package.json: Error: ENOENT: no such file or directory, open './package.json'
npm error enoent This is related to npm not being able to find a file.
npm error enoent
npm error A complete log of this run can be found in: /Users/hrithik/.npm/_logs/2026-04-18T21_08_40_152Z-debug-0.log